Determining if the pthread_create exist failed with the following output:
Change Dir: /home/lee/PPGSM/PPGSM/CMakeFiles/CMakeTmp

Run Build Command:"/usr/bin/make" "cmTC_b0b19/fast"
/usr/bin/make -f CMakeFiles/cmTC_b0b19.dir/build.make CMakeFiles/cmTC_b0b19.dir/build
make[1]: Entering directory '/home/lee/PPGSM/PPGSM/CMakeFiles/CMakeTmp'
Building C object CMakeFiles/cmTC_b0b19.dir/CheckSymbolExists.c.o
/usr/bin/cc    -o CMakeFiles/cmTC_b0b19.dir/CheckSymbolExists.c.o   -c /home/lee/PPGSM/PPGSM/CMakeFiles/CMakeTmp/CheckSymbolExists.c
Linking C executable cmTC_b0b19
/usr/local/bin/cmake -E cmake_link_script CMakeFiles/cmTC_b0b19.dir/link.txt --verbose=1
/usr/bin/cc      CMakeFiles/cmTC_b0b19.dir/CheckSymbolExists.c.o  -o cmTC_b0b19 
CMakeFiles/cmTC_b0b19.dir/CheckSymbolExists.c.o: In function `main':
CheckSymbolExists.c:(.text+0x1b): undefined reference to `pthread_create'
collect2: error: ld returned 1 exit status
CMakeFiles/cmTC_b0b19.dir/build.make:86: recipe for target 'cmTC_b0b19' failed
make[1]: *** [cmTC_b0b19] Error 1
make[1]: Leaving directory '/home/lee/PPGSM/PPGSM/CMakeFiles/CMakeTmp'
Makefile:121: recipe for target 'cmTC_b0b19/fast' failed
make: *** [cmTC_b0b19/fast] Error 2

File /home/lee/PPGSM/PPGSM/CMakeFiles/CMakeTmp/CheckSymbolExists.c:
/* */
#include <pthread.h>

int main(int argc, char** argv)
{
  (void)argv;
#ifndef pthread_create
  return ((int*)(&pthread_create))[argc];
#else
  (void)argc;
  return 0;
#endif
}

Performing C SOURCE FILE Test CMAKE_HAVE_LIBC_PTHREAD failed with the following output:
Change Dir: /home/null/PPGSM/CMakeFiles/CMakeTmp

Run Build Command(s):/usr/bin/make cmTC_a14bf/fast && /usr/bin/make -f CMakeFiles/cmTC_a14bf.dir/build.make CMakeFiles/cmTC_a14bf.dir/build
make[1]: 디렉터리 '/home/null/PPGSM/CMakeFiles/CMakeTmp' 들어감
Building C object CMakeFiles/cmTC_a14bf.dir/src.c.o
/usr/bin/cc   -DCMAKE_HAVE_LIBC_PTHREAD   -o CMakeFiles/cmTC_a14bf.dir/src.c.o   -c /home/null/PPGSM/CMakeFiles/CMakeTmp/src.c
Linking C executable cmTC_a14bf
/snap/cmake/301/bin/cmake -E cmake_link_script CMakeFiles/cmTC_a14bf.dir/link.txt --verbose=1
/usr/bin/cc  -DCMAKE_HAVE_LIBC_PTHREAD    CMakeFiles/cmTC_a14bf.dir/src.c.o  -o cmTC_a14bf 
CMakeFiles/cmTC_a14bf.dir/src.c.o: In function `main':
src.c:(.text+0x3e): undefined reference to `pthread_create'
src.c:(.text+0x4a): undefined reference to `pthread_detach'
src.c:(.text+0x56): undefined reference to `pthread_cancel'
src.c:(.text+0x67): undefined reference to `pthread_join'
src.c:(.text+0x7b): undefined reference to `pthread_atfork'
collect2: error: ld returned 1 exit status
CMakeFiles/cmTC_a14bf.dir/build.make:103: recipe for target 'cmTC_a14bf' failed
make[1]: *** [cmTC_a14bf] Error 1
make[1]: 디렉터리 '/home/null/PPGSM/CMakeFiles/CMakeTmp' 나감
Makefile:138: recipe for target 'cmTC_a14bf/fast' failed
make: *** [cmTC_a14bf/fast] Error 2


Source file was:
#include <pthread.h>

void* test_func(void* data)
{
  return data;
}

int main(void)
{
  pthread_t thread;
  pthread_create(&thread, NULL, test_func, NULL);
  pthread_detach(thread);
  pthread_cancel(thread);
  pthread_join(thread, NULL);
  pthread_atfork(NULL, NULL, NULL);
  pthread_exit(NULL);

  return 0;
}

Determining if the pthread_create exist failed with the following output:
Change Dir: /home/lee/newPPGSM/CMakeFiles/CMakeTmp

Run Build Command:"/usr/bin/make" "cmTC_c7c2e/fast"
/usr/bin/make -f CMakeFiles/cmTC_c7c2e.dir/build.make CMakeFiles/cmTC_c7c2e.dir/build
make[1]: Entering directory '/home/lee/newPPGSM/CMakeFiles/CMakeTmp'
Building C object CMakeFiles/cmTC_c7c2e.dir/CheckSymbolExists.c.o
/usr/bin/cc    -o CMakeFiles/cmTC_c7c2e.dir/CheckSymbolExists.c.o   -c /home/lee/newPPGSM/CMakeFiles/CMakeTmp/CheckSymbolExists.c
Linking C executable cmTC_c7c2e
/usr/local/bin/cmake -E cmake_link_script CMakeFiles/cmTC_c7c2e.dir/link.txt --verbose=1
/usr/bin/cc      CMakeFiles/cmTC_c7c2e.dir/CheckSymbolExists.c.o  -o cmTC_c7c2e 
CMakeFiles/cmTC_c7c2e.dir/CheckSymbolExists.c.o: In function `main':
CheckSymbolExists.c:(.text+0x1b): undefined reference to `pthread_create'
collect2: error: ld returned 1 exit status
CMakeFiles/cmTC_c7c2e.dir/build.make:86: recipe for target 'cmTC_c7c2e' failed
make[1]: *** [cmTC_c7c2e] Error 1
make[1]: Leaving directory '/home/lee/newPPGSM/CMakeFiles/CMakeTmp'
Makefile:121: recipe for target 'cmTC_c7c2e/fast' failed
make: *** [cmTC_c7c2e/fast] Error 2

File /home/lee/newPPGSM/CMakeFiles/CMakeTmp/CheckSymbolExists.c:
/* */
#include <pthread.h>

int main(int argc, char** argv)
{
  (void)argv;
#ifndef pthread_create
  return ((int*)(&pthread_create))[argc];
#else
  (void)argc;
  return 0;
#endif
}

Determining if the pthread_create exist failed with the following output:
Change Dir: /home/lee/tmp/newPPGSM/CMakeFiles/CMakeTmp

Run Build Command:"/usr/bin/make" "cmTC_a48ce/fast"
/usr/bin/make -f CMakeFiles/cmTC_a48ce.dir/build.make CMakeFiles/cmTC_a48ce.dir/build
make[1]: Entering directory '/home/lee/tmp/newPPGSM/CMakeFiles/CMakeTmp'
Building C object CMakeFiles/cmTC_a48ce.dir/CheckSymbolExists.c.o
/usr/bin/cc    -o CMakeFiles/cmTC_a48ce.dir/CheckSymbolExists.c.o   -c /home/lee/tmp/newPPGSM/CMakeFiles/CMakeTmp/CheckSymbolExists.c
Linking C executable cmTC_a48ce
/usr/local/bin/cmake -E cmake_link_script CMakeFiles/cmTC_a48ce.dir/link.txt --verbose=1
/usr/bin/cc      CMakeFiles/cmTC_a48ce.dir/CheckSymbolExists.c.o  -o cmTC_a48ce 
CMakeFiles/cmTC_a48ce.dir/CheckSymbolExists.c.o: In function `main':
CheckSymbolExists.c:(.text+0x1b): undefined reference to `pthread_create'
collect2: error: ld returned 1 exit status
CMakeFiles/cmTC_a48ce.dir/build.make:86: recipe for target 'cmTC_a48ce' failed
make[1]: *** [cmTC_a48ce] Error 1
make[1]: Leaving directory '/home/lee/tmp/newPPGSM/CMakeFiles/CMakeTmp'
Makefile:121: recipe for target 'cmTC_a48ce/fast' failed
make: *** [cmTC_a48ce/fast] Error 2

File /home/lee/tmp/newPPGSM/CMakeFiles/CMakeTmp/CheckSymbolExists.c:
/* */
#include <pthread.h>

int main(int argc, char** argv)
{
  (void)argv;
#ifndef pthread_create
  return ((int*)(&pthread_create))[argc];
#else
  (void)argc;
  return 0;
#endif
}

